<?xml version="1.0" encoding="UTF-8"?>
<!-- Generated by org.testng.reporters.JUnitReportReporter -->
<testsuite hostname="LAPTOP-BLA8EJ4R" failures="0" tests="1" name="Tc3" time="0.008" errors="0" timestamp="2022-12-28T14:34:40 IST" skipped="0">
  <testcase classname="Tc3" name="calls" time="0.008"/>
  <system-out>
    <![CDATA[hello selenium]]>
  </system-out>
</testsuite> <!-- Tc3 -->
