<?xml version="1.0" encoding="UTF-8"?>
<!-- Generated by org.testng.reporters.JUnitReportReporter -->
<testsuite hostname="LAPTOP-BLA8EJ4R" failures="0" tests="1" name="Tc4" time="0.011" errors="0" timestamp="2022-12-28T14:35:48 IST" skipped="0">
  <testcase classname="Tc4" name="videocall" time="0.011"/>
  <system-out>
    <![CDATA[hello python]]>
  </system-out>
</testsuite> <!-- Tc4 -->
