<?xml version="1.0" encoding="UTF-8"?>
<!-- Generated by org.testng.reporters.JUnitReportReporter -->
<testsuite hostname="LAPTOP-BLA8EJ4R" failures="0" tests="1" name="Tc1" time="0.012" errors="0" timestamp="2022-12-28T14:34:21 IST" skipped="0">
  <testcase classname="Tc1" name="calls" time="0.012"/>
  <system-out>
    <![CDATA[hello]]>
  </system-out>
</testsuite> <!-- Tc1 -->
